<?xml version="1.0" encoding="UTF-8"?>
<!-- Generated by org.testng.reporters.JUnitReportReporter -->
<testsuite skipped="0" hostname="admin-PC" name="com.course.testng.param.ParamterTest" tests="1" failures="0" timestamp="15 六月 2018 02:44:46 GMT" time="0.007" errors="0">
  <testcase name="paramTest1" time="0.007" classname="com.course.testng.param.ParamterTest"/>
</testsuite> <!-- com.course.testng.param.ParamterTest -->
