<?xml version="1.0" encoding="UTF-8"?>
<!-- Generated by org.testng.reporters.JUnitReportReporter -->
<testsuite skipped="1" hostname="admin-PC" name="com.course.testng.suite.PayTest" tests="2" failures="0" timestamp="14 六月 2018 09:53:00 GMT" time="0.007" errors="0">
  <testcase name="paySuccess" time="0.007" classname="com.course.testng.suite.PayTest"/>
  <testcase name="ignore" classname="com.course.testng.suite.PayTest">
    <skipped/>
  </testcase> <!-- ignore -->
</testsuite> <!-- com.course.testng.suite.PayTest -->
