<?xml version="1.0" encoding="UTF-8"?>
<!-- Generated by org.testng.reporters.JUnitReportReporter -->
<testsuite skipped="0" hostname="admin-PC" name="com.course.testng.BasicAnnotation" tests="2" failures="0" timestamp="15 六月 2018 03:42:12 GMT" time="0.013" errors="0">
  <testcase name="testCase1" time="0.006" classname="com.course.testng.BasicAnnotation"/>
  <testcase name="testCase2" time="0.007" classname="com.course.testng.BasicAnnotation"/>
</testsuite> <!-- com.course.testng.BasicAnnotation -->
