<?xml version="1.0" encoding="UTF-8"?>
<!-- Generated by org.testng.reporters.JUnitReportReporter -->
<testsuite skipped="0" hostname="admin-PC" name="com.course.testng.param.DataProviderTest" tests="7" failures="0" timestamp="15 六月 2018 03:17:13 GMT" time="0.012" errors="0">
  <testcase name="testDataProvider" time="0.001" classname="com.course.testng.param.DataProviderTest"/>
  <testcase name="test1" time="0.002" classname="com.course.testng.param.DataProviderTest"/>
  <testcase name="test2" time="0.001" classname="com.course.testng.param.DataProviderTest"/>
  <testcase name="testDataProvider" time="0.001" classname="com.course.testng.param.DataProviderTest"/>
  <testcase name="test2" time="0.001" classname="com.course.testng.param.DataProviderTest"/>
  <testcase name="testDataProvider" time="0.000" classname="com.course.testng.param.DataProviderTest"/>
  <testcase name="test1" time="0.006" classname="com.course.testng.param.DataProviderTest"/>
</testsuite> <!-- com.course.testng.param.DataProviderTest -->
