<?xml version="1.0" encoding="UTF-8"?>
<!-- Generated by org.testng.reporters.JUnitReportReporter -->
<testsuite skipped="0" hostname="admin-PC" name="com.course.chapter.httpClient.MyCookiesForGet" tests="2" failures="0" timestamp="20 六月 2018 09:32:46 GMT" time="0.270" errors="0">
  <testcase name="testGetWithCookies" time="0.007" classname="com.course.chapter.httpClient.MyCookiesForGet"/>
  <testcase name="TestGetCookies" time="0.263" classname="com.course.chapter.httpClient.MyCookiesForGet"/>
</testsuite> <!-- com.course.chapter.httpClient.MyCookiesForGet -->
