<?xml version="1.0" encoding="UTF-8"?>
<!-- Generated by org.testng.reporters.JUnitReportReporter -->
<testsuite skipped="0" hostname="admin-PC" name="com.course.testng.suite.LoginTest" tests="1" failures="0" timestamp="14 六月 2018 09:42:35 GMT" time="0.003" errors="0">
  <testcase name="loginTest" time="0.003" classname="com.course.testng.suite.LoginTest"/>
</testsuite> <!-- com.course.testng.suite.LoginTest -->
