<?xml version="1.0" encoding="UTF-8"?>
<!-- Generated by org.testng.reporters.JUnitReportReporter -->
<testsuite skipped="0" hostname="admin-PC" name="com.course.testng.ExpectedException" tests="1" failures="0" timestamp="15 六月 2018 02:09:10 GMT" time="0.007" errors="0">
  <testcase name="runTimeExceptionSuccess" time="0.007" classname="com.course.testng.ExpectedException"/>
</testsuite> <!-- com.course.testng.ExpectedException -->
