<?xml version="1.0" encoding="UTF-8"?>
<!-- Generated by org.testng.reporters.JUnitReportReporter -->
<testsuite skipped="0" hostname="admin-PC" name="com.course.testng.DependTest" tests="2" failures="0" timestamp="27 六月 2018 01:52:25 GMT" time="0.008" errors="0">
  <testcase name="Test1" time="0.007" classname="com.course.testng.DependTest"/>
  <testcase name="Test2" time="0.001" classname="com.course.testng.DependTest"/>
</testsuite> <!-- com.course.testng.DependTest -->
