<?xml version="1.0" encoding="UTF-8"?>
<!-- Generated by org.testng.reporters.JUnitReportReporter -->
<testsuite skipped="0" hostname="admin-PC" name="com.course.testng.ExpectedException" tests="1" failures="0" timestamp="27 六月 2018 01:57:46 GMT" time="0.008" errors="0">
  <testcase name="runTimeExceptionSuccess" time="0.008" classname="com.course.testng.ExpectedException"/>
</testsuite> <!-- com.course.testng.ExpectedException -->
