<?xml version="1.0" encoding="UTF-8"?>
<!-- Generated by org.testng.reporters.JUnitReportReporter -->
<testsuite skipped="0" hostname="admin-PC" name="com.course.chapter.httpClient.MyHttpClient" tests="1" failures="0" timestamp="20 六月 2018 06:54:16 GMT" time="0.969" errors="0">
  <testcase name="test1" time="0.969" classname="com.course.chapter.httpClient.MyHttpClient"/>
</testsuite> <!-- com.course.chapter.httpClient.MyHttpClient -->
