<?xml version="1.0" encoding="UTF-8"?>
<!-- Generated by org.testng.reporters.JUnitReportReporter -->
<testsuite skipped="0" hostname="admin-PC" name="com.course.testng.BasicAnnotation" tests="2" failures="0" timestamp="27 六月 2018 01:50:14 GMT" time="0.006" errors="0">
  <testcase name="testCase1" time="0.004" classname="com.course.testng.BasicAnnotation"/>
  <testcase name="testCase2" time="0.002" classname="com.course.testng.BasicAnnotation"/>
</testsuite> <!-- com.course.testng.BasicAnnotation -->
